[2026-05-15 10:28:49]: 系统提示词索引构建完成，共 17 个提示词
[2026-05-15 10:28:49]: 系统提示词索引:{
  "_by_name": {
    "OCR数据校验与纠错": {
      "名称": "OCR数据校验与纠错",
      "文件名": "OCR数据校验与纠错.md",
      "文件路径": "OCR数据校验与纠错.md",
      "输入参数": {
        "state.table_head_definition": "input",
        "state.raw_data_content": "input"
      }
    },
    "soul": {
      "名称": "soul",
      "文件名": "soul.md",
      "文件路径": "soul.md",
      "输入参数": {}
    },
    "task": {
      "名称": "task",
      "文件名": "task.md",
      "文件路径": "task.md",
      "输入参数": {}
    },
    "修正数据表格式": {
      "名称": "修正数据表格式",
      "文件名": "修正数据表格式.md",
      "文件路径": "修正数据表格式.md",
      "输入参数": {}
    },
    "分析用户对话意图": {
      "名称": "分析用户对话意图",
      "文件名": "分析用户对话意图.md",
      "文件路径": "分析用户对话意图.md",
      "输入参数": {
        "get_chat_history_text": "input"
      }
    },
    "基于字段抽取JSON数据": {
      "名称": "基于字段抽取JSON数据",
      "文件名": "基于字段抽取JSON数据.md",
      "文件路径": "基于字段抽取JSON数据.md",
      "输入参数": {
        "state.table_content": "input",
        "state.table_text": "input",
        "state.table_headers": "input"
      }
    },
    "基于表头重构数据表": {
      "名称": "基于表头重构数据表",
      "文件名": "基于表头重构数据表.md",
      "文件路径": "基于表头重构数据表.md",
      "输入参数": {
        "state.table_content": "input",
        "state.table_headers": "input"
      }
    },
    "总结搜索关键词": {
      "名称": "总结搜索关键词",
      "文件名": "总结搜索关键词.md",
      "文件路径": "总结搜索关键词.md",
      "输入参数": {}
    },
    "总结文件摘要": {
      "名称": "总结文件摘要",
      "文件名": "总结文件摘要.md",
      "文件路径": "总结文件摘要.md",
      "输入参数": {
        "current_file.内容预览": "input",
        "current_file.uuid": "input"
      }
    },
    "推测图片方向": {
      "名称": "推测图片方向",
      "文件名": "推测图片方向.md",
      "文件路径": "推测图片方向.md",
      "输入参数": {}
    },
    "推测数据表头字段": {
      "名称": "推测数据表头字段",
      "文件名": "推测数据表头字段.md",
      "文件路径": "推测数据表头字段.md",
      "输入参数": {
        "state.preview_file_content": "input",
        "state.file_uuid": "input"
      }
    },
    "推测用户人脉关系": {
      "名称": "推测用户人脉关系",
      "文件名": "推测用户人脉关系.md",
      "文件路径": "推测用户人脉关系.md",
      "输入参数": {}
    },
    "推测用户当前位置": {
      "名称": "推测用户当前位置",
      "文件名": "推测用户当前位置.md",
      "文件路径": "推测用户当前位置.md",
      "输入参数": {}
    },
    "推测用户当前城市": {
      "名称": "推测用户当前城市",
      "文件名": "推测用户当前城市.md",
      "文件路径": "推测用户当前城市.md",
      "输入参数": {}
    },
    "提示词模板": {
      "名称": "提示词模板",
      "文件名": "提示词模板.md",
      "文件路径": "提示词模板.md",
      "输入参数": {
        "owner的属性参数或方法": "input"
      }
    },
    "系统提示词": {
      "名称": "系统提示词",
      "文件名": "系统提示词.md",
      "文件路径": "系统提示词.md",
      "输入参数": {
        "current_solar": "input",
        "current_lunar": "input"
      }
    },
    "规划任务下一步动作": {
      "名称": "规划任务下一步动作",
      "文件名": "规划任务下一步动作.md",
      "文件路径": "规划任务下一步动作.md",
      "输入参数": {
        "list_tools": "input",
        "state.task.task_execute_history": "input"
      }
    }
  },
  "_by_filename": {
    "OCR数据校验与纠错.md": {
      "名称": "OCR数据校验与纠错",
      "文件名": "OCR数据校验与纠错.md",
      "文件路径": "OCR数据校验与纠错.md",
      "输入参数": {
        "state.table_head_definition": "input",
        "state.raw_data_content": "input"
      }
    },
    "soul.md": {
      "名称": "soul",
      "文件名": "soul.md",
      "文件路径": "soul.md",
      "输入参数": {}
    },
    "task.md": {
      "名称": "task",
      "文件名": "task.md",
      "文件路径": "task.md",
      "输入参数": {}
    },
    "修正数据表格式.md": {
      "名称": "修正数据表格式",
      "文件名": "修正数据表格式.md",
      "文件路径": "修正数据表格式.md",
      "输入参数": {}
    },
    "分析用户对话意图.md": {
      "名称": "分析用户对话意图",
      "文件名": "分析用户对话意图.md",
      "文件路径": "分析用户对话意图.md",
      "输入参数": {
        "get_chat_history_text": "input"
      }
    },
    "基于字段抽取JSON数据.md": {
      "名称": "基于字段抽取JSON数据",
      "文件名": "基于字段抽取JSON数据.md",
      "文件路径": "基于字段抽取JSON数据.md",
      "输入参数": {
        "state.table_content": "input",
        "state.table_text": "input",
        "state.table_headers": "input"
      }
    },
    "基于表头重构数据表.md": {
      "名称": "基于表头重构数据表",
      "文件名": "基于表头重构数据表.md",
      "文件路径": "基于表头重构数据表.md",
      "输入参数": {
        "state.table_content": "input",
        "state.table_headers": "input"
      }
    },
    "总结搜索关键词.md": {
      "名称": "总结搜索关键词",
      "文件名": "总结搜索关键词.md",
      "文件路径": "总结搜索关键词.md",
      "输入参数": {}
    },
    "总结文件摘要.md": {
      "名称": "总结文件摘要",
      "文件名": "总结文件摘要.md",
      "文件路径": "总结文件摘要.md",
      "输入参数": {
        "current_file.内容预览": "input",
        "current_file.uuid": "input"
      }
    },
    "推测图片方向.md": {
      "名称": "推测图片方向",
      "文件名": "推测图片方向.md",
      "文件路径": "推测图片方向.md",
      "输入参数": {}
    },
    "推测数据表头字段.md": {
      "名称": "推测数据表头字段",
      "文件名": "推测数据表头字段.md",
      "文件路径": "推测数据表头字段.md",
      "输入参数": {
        "state.preview_file_content": "input",
        "state.file_uuid": "input"
      }
    },
    "推测用户人脉关系.md": {
      "名称": "推测用户人脉关系",
      "文件名": "推测用户人脉关系.md",
      "文件路径": "推测用户人脉关系.md",
      "输入参数": {}
    },
    "推测用户当前位置.md": {
      "名称": "推测用户当前位置",
      "文件名": "推测用户当前位置.md",
      "文件路径": "推测用户当前位置.md",
      "输入参数": {}
    },
    "推测用户当前城市.md": {
      "名称": "推测用户当前城市",
      "文件名": "推测用户当前城市.md",
      "文件路径": "推测用户当前城市.md",
      "输入参数": {}
    },
    "提示词模板.md": {
      "名称": "提示词模板",
      "文件名": "提示词模板.md",
      "文件路径": "提示词模板.md",
      "输入参数": {
        "owner的属性参数或方法": "input"
      }
    },
    "系统提示词.md": {
      "名称": "系统提示词",
      "文件名": "系统提示词.md",
      "文件路径": "系统提示词.md",
      "输入参数": {
        "current_solar": "input",
        "current_lunar": "input"
      }
    },
    "规划任务下一步动作.md": {
      "名称": "规划任务下一步动作",
      "文件名": "规划任务下一步动作.md",
      "文件路径": "规划任务下一步动作.md",
      "输入参数": {
        "list_tools": "input",
        "state.task.task_execute_history": "input"
      }
    }
  }
}
[2026-05-15 10:28:49]: 设置owner属性:record_delimiter=<record>
[2026-05-15 10:28:49]: 设置owner属性:tuple_delimiter=||
[2026-05-15 10:28:49]: 设置owner属性:entity_types=PERSON, ORGANIZATION, GEO, LOCATION, DATE, TIME, MONEY, PRODUCT, EVENT, LAW, FACILITY, DISEASE, BRAND, PRODUCT, VEHICLE
[2026-05-15 10:32:53]: 系统提示词索引构建完成，共 17 个提示词
[2026-05-15 10:32:53]: 系统提示词索引:{
  "_by_name": {
    "OCR数据校验与纠错": {
      "名称": "OCR数据校验与纠错",
      "文件名": "OCR数据校验与纠错.md",
      "文件路径": "OCR数据校验与纠错.md",
      "输入参数": {
        "state.table_head_definition": "input",
        "state.raw_data_content": "input"
      }
    },
    "soul": {
      "名称": "soul",
      "文件名": "soul.md",
      "文件路径": "soul.md",
      "输入参数": {}
    },
    "task": {
      "名称": "task",
      "文件名": "task.md",
      "文件路径": "task.md",
      "输入参数": {}
    },
    "修正数据表格式": {
      "名称": "修正数据表格式",
      "文件名": "修正数据表格式.md",
      "文件路径": "修正数据表格式.md",
      "输入参数": {}
    },
    "分析用户对话意图": {
      "名称": "分析用户对话意图",
      "文件名": "分析用户对话意图.md",
      "文件路径": "分析用户对话意图.md",
      "输入参数": {
        "get_chat_history_text": "input"
      }
    },
    "基于字段抽取JSON数据": {
      "名称": "基于字段抽取JSON数据",
      "文件名": "基于字段抽取JSON数据.md",
      "文件路径": "基于字段抽取JSON数据.md",
      "输入参数": {
        "state.table_text": "input",
        "state.table_content": "input",
        "state.table_headers": "input"
      }
    },
    "基于表头重构数据表": {
      "名称": "基于表头重构数据表",
      "文件名": "基于表头重构数据表.md",
      "文件路径": "基于表头重构数据表.md",
      "输入参数": {
        "state.table_content": "input",
        "state.table_headers": "input"
      }
    },
    "总结搜索关键词": {
      "名称": "总结搜索关键词",
      "文件名": "总结搜索关键词.md",
      "文件路径": "总结搜索关键词.md",
      "输入参数": {}
    },
    "总结文件摘要": {
      "名称": "总结文件摘要",
      "文件名": "总结文件摘要.md",
      "文件路径": "总结文件摘要.md",
      "输入参数": {
        "current_file.内容预览": "input",
        "current_file.uuid": "input"
      }
    },
    "推测图片方向": {
      "名称": "推测图片方向",
      "文件名": "推测图片方向.md",
      "文件路径": "推测图片方向.md",
      "输入参数": {}
    },
    "推测数据表头字段": {
      "名称": "推测数据表头字段",
      "文件名": "推测数据表头字段.md",
      "文件路径": "推测数据表头字段.md",
      "输入参数": {
        "state.preview_file_content": "input",
        "state.file_uuid": "input"
      }
    },
    "推测用户人脉关系": {
      "名称": "推测用户人脉关系",
      "文件名": "推测用户人脉关系.md",
      "文件路径": "推测用户人脉关系.md",
      "输入参数": {}
    },
    "推测用户当前位置": {
      "名称": "推测用户当前位置",
      "文件名": "推测用户当前位置.md",
      "文件路径": "推测用户当前位置.md",
      "输入参数": {}
    },
    "推测用户当前城市": {
      "名称": "推测用户当前城市",
      "文件名": "推测用户当前城市.md",
      "文件路径": "推测用户当前城市.md",
      "输入参数": {}
    },
    "提示词模板": {
      "名称": "提示词模板",
      "文件名": "提示词模板.md",
      "文件路径": "提示词模板.md",
      "输入参数": {
        "owner的属性参数或方法": "input"
      }
    },
    "系统提示词": {
      "名称": "系统提示词",
      "文件名": "系统提示词.md",
      "文件路径": "系统提示词.md",
      "输入参数": {
        "current_solar": "input",
        "current_lunar": "input"
      }
    },
    "规划任务下一步动作": {
      "名称": "规划任务下一步动作",
      "文件名": "规划任务下一步动作.md",
      "文件路径": "规划任务下一步动作.md",
      "输入参数": {
        "list_tools": "input",
        "state.task.task_execute_history": "input"
      }
    }
  },
  "_by_filename": {
    "OCR数据校验与纠错.md": {
      "名称": "OCR数据校验与纠错",
      "文件名": "OCR数据校验与纠错.md",
      "文件路径": "OCR数据校验与纠错.md",
      "输入参数": {
        "state.table_head_definition": "input",
        "state.raw_data_content": "input"
      }
    },
    "soul.md": {
      "名称": "soul",
      "文件名": "soul.md",
      "文件路径": "soul.md",
      "输入参数": {}
    },
    "task.md": {
      "名称": "task",
      "文件名": "task.md",
      "文件路径": "task.md",
      "输入参数": {}
    },
    "修正数据表格式.md": {
      "名称": "修正数据表格式",
      "文件名": "修正数据表格式.md",
      "文件路径": "修正数据表格式.md",
      "输入参数": {}
    },
    "分析用户对话意图.md": {
      "名称": "分析用户对话意图",
      "文件名": "分析用户对话意图.md",
      "文件路径": "分析用户对话意图.md",
      "输入参数": {
        "get_chat_history_text": "input"
      }
    },
    "基于字段抽取JSON数据.md": {
      "名称": "基于字段抽取JSON数据",
      "文件名": "基于字段抽取JSON数据.md",
      "文件路径": "基于字段抽取JSON数据.md",
      "输入参数": {
        "state.table_text": "input",
        "state.table_content": "input",
        "state.table_headers": "input"
      }
    },
    "基于表头重构数据表.md": {
      "名称": "基于表头重构数据表",
      "文件名": "基于表头重构数据表.md",
      "文件路径": "基于表头重构数据表.md",
      "输入参数": {
        "state.table_content": "input",
        "state.table_headers": "input"
      }
    },
    "总结搜索关键词.md": {
      "名称": "总结搜索关键词",
      "文件名": "总结搜索关键词.md",
      "文件路径": "总结搜索关键词.md",
      "输入参数": {}
    },
    "总结文件摘要.md": {
      "名称": "总结文件摘要",
      "文件名": "总结文件摘要.md",
      "文件路径": "总结文件摘要.md",
      "输入参数": {
        "current_file.内容预览": "input",
        "current_file.uuid": "input"
      }
    },
    "推测图片方向.md": {
      "名称": "推测图片方向",
      "文件名": "推测图片方向.md",
      "文件路径": "推测图片方向.md",
      "输入参数": {}
    },
    "推测数据表头字段.md": {
      "名称": "推测数据表头字段",
      "文件名": "推测数据表头字段.md",
      "文件路径": "推测数据表头字段.md",
      "输入参数": {
        "state.preview_file_content": "input",
        "state.file_uuid": "input"
      }
    },
    "推测用户人脉关系.md": {
      "名称": "推测用户人脉关系",
      "文件名": "推测用户人脉关系.md",
      "文件路径": "推测用户人脉关系.md",
      "输入参数": {}
    },
    "推测用户当前位置.md": {
      "名称": "推测用户当前位置",
      "文件名": "推测用户当前位置.md",
      "文件路径": "推测用户当前位置.md",
      "输入参数": {}
    },
    "推测用户当前城市.md": {
      "名称": "推测用户当前城市",
      "文件名": "推测用户当前城市.md",
      "文件路径": "推测用户当前城市.md",
      "输入参数": {}
    },
    "提示词模板.md": {
      "名称": "提示词模板",
      "文件名": "提示词模板.md",
      "文件路径": "提示词模板.md",
      "输入参数": {
        "owner的属性参数或方法": "input"
      }
    },
    "系统提示词.md": {
      "名称": "系统提示词",
      "文件名": "系统提示词.md",
      "文件路径": "系统提示词.md",
      "输入参数": {
        "current_solar": "input",
        "current_lunar": "input"
      }
    },
    "规划任务下一步动作.md": {
      "名称": "规划任务下一步动作",
      "文件名": "规划任务下一步动作.md",
      "文件路径": "规划任务下一步动作.md",
      "输入参数": {
        "list_tools": "input",
        "state.task.task_execute_history": "input"
      }
    }
  }
}
[2026-05-15 10:32:53]: 设置owner属性:record_delimiter=<record>
[2026-05-15 10:32:53]: 设置owner属性:tuple_delimiter=||
[2026-05-15 10:32:53]: 设置owner属性:entity_types=PERSON, ORGANIZATION, GEO, LOCATION, DATE, TIME, MONEY, PRODUCT, EVENT, LAW, FACILITY, DISEASE, BRAND, PRODUCT, VEHICLE
[2026-05-15 22:21:44]: 设置owner属性:record_delimiter=<record>
[2026-05-15 22:21:44]: 设置owner属性:tuple_delimiter=||
[2026-05-15 22:21:44]: 设置owner属性:entity_types=PERSON, ORGANIZATION, GEO, LOCATION, DATE, TIME, MONEY, PRODUCT, EVENT, LAW, FACILITY, DISEASE, BRAND, PRODUCT, VEHICLE
[2026-05-15 22:21:44]: 加载历史聊天D:\pySpace\opensolver\workspace\chat\chat_20260515.md,数据条数:11
